Base path: 'C:/Program Files/2019.4.1f1/Editor/Data', plugins path 'C:/Program Files/2019.4.1f1/Editor/Data/PlaybackEngines'
Cmd: initializeCompiler
Cmd: compileComputeKernel
  api=4 insize=21596 outsize=94665 ok=1
Cmd: compileComputeKernel
  api=4 insize=4528 outsize=2864 ok=1
Cmd: compileComputeKernel
  api=4 insize=9809 outsize=8504 ok=1
Cmd: compileComputeKernel
  api=4 insize=9809 outsize=8685 ok=1
Cmd: compileComputeKernel
  api=4 insize=17994 outsize=8303 ok=1
Cmd: compileComputeKernel
  api=4 insize=4823 outsize=2830 ok=1
Cmd: compileComputeKernel
  api=4 insize=2770 outsize=2186 ok=1
Cmd: compileComputeKernel
  api=4 insize=14139 outsize=666 ok=1
Cmd: compileComputeKernel
  api=4 insize=11086 outsize=665 ok=1
Cmd: compileComputeKernel
  api=4 insize=868 outsize=578 ok=1
Cmd: compileComputeKernel
  api=4 insize=40264 outsize=40234 ok=1
Cmd: compileComputeKernel
  api=4 insize=40264 outsize=37933 ok=1
Cmd: compileComputeKernel
  api=4 insize=3450 outsize=1164 ok=1
Cmd: compileComputeKernel
  api=4 insize=22295 outsize=14720 ok=1
Cmd: compileComputeKernel
  api=4 insize=3718 outsize=1426 ok=1
Cmd: compileComputeKernel
  api=4 insize=9735 outsize=8199 ok=1
Cmd: compileComputeKernel
  api=4 insize=22339 outsize=5502 ok=1
Cmd: compileComputeKernel
  api=4 insize=6119 outsize=2708 ok=1
Cmd: compileComputeKernel
  api=4 insize=6745 outsize=2822 ok=1
Cmd: compileComputeKernel
  api=4 insize=6745 outsize=1243 ok=1
Cmd: compileComputeKernel
  api=4 insize=9103 outsize=4256 ok=1
Cmd: compileComputeKernel
  api=4 insize=26542 outsize=14181 ok=1
Cmd: compileComputeKernel
  api=4 insize=26542 outsize=16121 ok=1
Cmd: compileComputeKernel
  api=4 insize=16295 outsize=98481 ok=1
Cmd: compileComputeKernel
  api=4 insize=16295 outsize=47885 ok=1
Cmd: compileComputeKernel
  api=4 insize=16295 outsize=45993 ok=1
Cmd: compileComputeKernel
  api=4 insize=16295 outsize=69870 ok=1
Cmd: compileComputeKernel
  api=4 insize=16295 outsize=37361 ok=1
Cmd: compileComputeKernel
  api=4 insize=16295 outsize=53586 ok=1
Cmd: compileComputeKernel
  api=4 insize=5893 outsize=629 ok=1
Cmd: compileComputeKernel
  api=4 insize=28593 outsize=426 ok=1
Cmd: compileComputeKernel
  api=4 insize=3714 outsize=2561 ok=1
Cmd: compileComputeKernel
  api=4 insize=7589 outsize=1261 ok=1
Cmd: compileComputeKernel
  api=4 insize=13959 outsize=2288 ok=1
Cmd: compileComputeKernel
  api=4 insize=10587 outsize=7594 ok=1
Cmd: compileSnippet
  api=4 type=0 insize=7443 outsize=810 kw=_NORMALMAP_TANGENT_SPACE pd=UNITY_ENABLE_REFLECTION_BUFFERS UNITY_USE_DITHER_MASK_FOR_ALPHABLENDED_SHADOWS UNITY_PBS_USE_BRDF1 UNITY_SPECCUBE_BOX_PROJECTION UNITY_SPECCUBE_BLENDING UNITY_ENABLE_DETAIL_NORMALMAP SHADER_API_DESKTOP UNITY_LIGHT_PROBE_PROXY_VOLUME UNITY_LIGHTMAP_FULL_HDR ok=1
Cmd: compileSnippet
  api=4 type=0 insize=7919 outsize=1726 kw=DECALS_3RT _NORMALMAP_TANGENT_SPACE _NORMALMAP _MASKMAP pd=UNITY_ENABLE_REFLECTION_BUFFERS UNITY_USE_DITHER_MASK_FOR_ALPHABLENDED_SHADOWS UNITY_PBS_USE_BRDF1 UNITY_SPECCUBE_BOX_PROJECTION UNITY_SPECCUBE_BLENDING UNITY_ENABLE_DETAIL_NORMALMAP SHADER_API_DESKTOP UNITY_LIGHT_PROBE_PROXY_VOLUME UNITY_LIGHTMAP_FULL_HDR ok=1
Cmd: compileSnippet
  api=4 type=0 insize=8987 outsize=1726 kw=_SURFACE_TYPE_TRANSPARENT DECALS_3RT SHADOW_LOW USE_CLUSTERED_LIGHTLIST _NORMALMAP_TANGENT_SPACE _BLENDMODE_ALPHA _BLENDMODE_PRESERVE_SPECULAR_LIGHTING _ENABLE_FOG_ON_TRANSPARENT pd=UNITY_ENABLE_REFLECTION_BUFFERS UNITY_USE_DITHER_MASK_FOR_ALPHABLENDED_SHADOWS UNITY_PBS_USE_BRDF1 UNITY_SPECCUBE_BOX_PROJECTION UNITY_SPECCUBE_BLENDING UNITY_ENABLE_DETAIL_NORMALMAP SHADER_API_DESKTOP UNITY_LIGHT_PROBE_PROXY_VOLUME UNITY_LIGHTMAP_FULL_HDR ok=1
Cmd: compileSnippet
  api=4 type=0 insize=2295 outsize=858 kw= pd=UNITY_ENABLE_REFLECTION_BUFFERS UNITY_USE_DITHER_MASK_FOR_ALPHABLENDED_SHADOWS UNITY_PBS_USE_BRDF1 UNITY_SPECCUBE_BOX_PROJECTION UNITY_SPECCUBE_BLENDING UNITY_ENABLE_DETAIL_NORMALMAP SHADER_API_DESKTOP UNITY_LIGHT_PROBE_PROXY_VOLUME UNITY_LIGHTMAP_FULL_HDR ok=1
