Base path: 'C:/Program Files/2019.4.1f1/Editor/Data', plugins path 'C:/Program Files/2019.4.1f1/Editor/Data/PlaybackEngines'
Cmd: initializeCompiler
Cmd: compileComputeKernel
  api=4 insize=848 outsize=330 ok=1
Cmd: compileComputeKernel
  api=4 insize=16425 outsize=2847 ok=1
Cmd: compileComputeKernel
  api=4 insize=9809 outsize=4981 ok=1
Cmd: compileComputeKernel
  api=4 insize=9809 outsize=5226 ok=1
Cmd: compileComputeKernel
  api=4 insize=22438 outsize=21741 ok=1
Cmd: compileComputeKernel
  api=4 insize=4823 outsize=677 ok=1
Cmd: compileComputeKernel
  api=4 insize=4823 outsize=2756 ok=1
Cmd: compileComputeKernel
  api=4 insize=2770 outsize=2273 ok=1
Cmd: compileComputeKernel
  api=4 insize=14139 outsize=1290 ok=1
Cmd: compileComputeKernel
  api=4 insize=11086 outsize=4699 ok=1
Cmd: compileComputeKernel
  api=4 insize=3111 outsize=2047 ok=1
Cmd: compileComputeKernel
  api=4 insize=40264 outsize=35783 ok=1
Cmd: compileComputeKernel
  api=4 insize=40264 outsize=36609 ok=1
Cmd: compileComputeKernel
  api=4 insize=8511 outsize=1015 ok=1
Cmd: compileComputeKernel
  api=4 insize=3450 outsize=1164 ok=1
Cmd: compileComputeKernel
  api=4 insize=22295 outsize=14637 ok=1
Cmd: compileComputeKernel
  api=4 insize=9735 outsize=13300 ok=1
Cmd: compileComputeKernel
  api=4 insize=8233 outsize=1857 ok=1
Cmd: compileComputeKernel
  api=4 insize=22339 outsize=5115 ok=1
Cmd: compileComputeKernel
  api=4 insize=6119 outsize=2156 ok=1
Cmd: compileComputeKernel
  api=4 insize=6745 outsize=3022 ok=1
Cmd: compileComputeKernel
  api=4 insize=6745 outsize=2911 ok=1
Cmd: compileComputeKernel
  api=4 insize=8512 outsize=2100 ok=1
Cmd: compileComputeKernel
  api=4 insize=9103 outsize=2745 ok=1
Cmd: compileComputeKernel
  api=4 insize=26542 outsize=15917 ok=1
Cmd: compileComputeKernel
  api=4 insize=16295 outsize=100894 ok=1
Cmd: compileComputeKernel
  api=4 insize=16295 outsize=79522 ok=1
Cmd: compileComputeKernel
  api=4 insize=16295 outsize=40387 ok=1
Cmd: compileComputeKernel
  api=4 insize=16295 outsize=72599 ok=1
Cmd: compileComputeKernel
  api=4 insize=7696 outsize=5531 ok=1
Cmd: compileComputeKernel
  api=4 insize=5893 outsize=5009 ok=1
Cmd: compileComputeKernel
  api=4 insize=28593 outsize=6006 ok=1
Cmd: compileComputeKernel
  api=4 insize=7589 outsize=1322 ok=1
Cmd: compileComputeKernel
  api=4 insize=8784 outsize=94055 ok=1
Cmd: compileSnippet
  api=4 type=1 insize=7443 outsize=142 kw=_NORMALMAP_TANGENT_SPACE pd=UNITY_ENABLE_REFLECTION_BUFFERS UNITY_USE_DITHER_MASK_FOR_ALPHABLENDED_SHADOWS UNITY_PBS_USE_BRDF1 UNITY_SPECCUBE_BOX_PROJECTION UNITY_SPECCUBE_BLENDING UNITY_ENABLE_DETAIL_NORMALMAP SHADER_API_DESKTOP UNITY_LIGHT_PROBE_PROXY_VOLUME UNITY_LIGHTMAP_FULL_HDR ok=1
Cmd: compileSnippet
  api=4 type=1 insize=7919 outsize=5702 kw=DECALS_3RT _NORMALMAP_TANGENT_SPACE pd=UNITY_ENABLE_REFLECTION_BUFFERS UNITY_USE_DITHER_MASK_FOR_ALPHABLENDED_SHADOWS UNITY_PBS_USE_BRDF1 UNITY_SPECCUBE_BOX_PROJECTION UNITY_SPECCUBE_BLENDING UNITY_ENABLE_DETAIL_NORMALMAP SHADER_API_DESKTOP UNITY_LIGHT_PROBE_PROXY_VOLUME UNITY_LIGHTMAP_FULL_HDR ok=1
